<?xml version="1.0" encoding="UTF-8" standalone="no"?>
<!DOCTYPE log SYSTEM "logger.dtd">
<log>
<record>
  <date>2025-09-03T09:54:49.188-0300</date>
  <logger>BIANKA VITORIA SILVA LIMA</logger>
  <level>FINE</level>
  <message>File 124110621-BIANKA VITORIA SILVA LIMA.zip was received. It was sent by BIANKA VITORIA SILVA LIMA from IP 150.165.42.132 at 03-09-2025 09*54*49</message>
</record>
</log>
<?xml version="1.0" encoding="UTF-8" standalone="no"?>
<!DOCTYPE log SYSTEM "logger.dtd">
<log>
<record>
  <date>2025-09-05T07:56:01.079-0300</date>
  <logger>BIANKA VITORIA SILVA LIMA</logger>
  <level>FINE</level>
  <message>File 124110621-BIANKA VITORIA SILVA LIMA.zip was received. It was sent by BIANKA VITORIA SILVA LIMA from IP 192.168.118.34 at 05-09-2025 07*56*00</message>
</record>
</log>
<?xml version="1.0" encoding="UTF-8" standalone="no"?>
<!DOCTYPE log SYSTEM "logger.dtd">
<log>
<record>
  <date>2025-09-05T10:23:50.367-0300</date>
  <logger>BIANKA VITORIA SILVA LIMA</logger>
  <level>FINE</level>
  <message>File 124110621-BIANKA VITORIA SILVA LIMA.zip was received. It was sent by BIANKA VITORIA SILVA LIMA from IP 192.168.50.115 at 05-09-2025 10*23*50</message>
</record>
